<?xml version="1.0" encoding="UTF-8"?>
<!-- Generated by org.testng.reporters.JUnitReportReporter -->
<testsuite hostname="SZLX" name="com.dogshop.Texttwo" tests="1" failures="0" timestamp="17 Jun 2021 02:17:22 GMT" time="13.917" errors="0">
  <testcase name="select" time="13.917" classname="com.dogshop.Texttwo"/>
</testsuite> <!-- com.dogshop.Texttwo -->
